{
  "0 debug pnpm:scope": {
    "selected": 1
  },
  "1 error pnpm": {
    "errno": 1,
    "code": "ELIFECYCLE",
    "pkgid": "debugger@0.0.0",
    "stage": "dev",
    "script": "vite",
    "pkgname": "debugger",
    "err": {
      "name": "pnpm",
      "message": "debugger@0.0.0 dev: `vite`\nExit status 1",
      "code": "ELIFECYCLE",
      "stack": "pnpm: debugger@0.0.0 dev: `vite`\nExit status 1\n    at EventEmitter.<anonymous> (C:\\Users\\Auste\\AppData\\Roaming\\npm\\node_modules\\pnpm\\dist\\pnpm.cjs:106739:20)\n    at EventEmitter.emit (node:events:365:28)\n    at ChildProcess.<anonymous> (C:\\Users\\Auste\\AppData\\Roaming\\npm\\node_modules\\pnpm\\dist\\pnpm.cjs:93308:18)\n    at ChildProcess.emit (node:events:365:28)\n    at maybeClose (node:internal/child_process:1067:16)\n    at Process.ChildProcess._handle.onexit (node:internal/child_process:301:5)"
    }
  },
  "2 warn pnpm:global": " Local package.json exists, but node_modules missing, did you mean to install?"
}